{
  "stats": {
    "suites": 1,
    "tests": 2,
    "passes": 2,
    "pending": 0,
    "failures": 0,
    "start": "2021-07-04T19:32:38.007Z",
    "end": "2021-07-04T19:32:38.083Z",
    "duration": 76,
    "testsRegistered": 2,
    "passPercent": 100,
    "pendingPercent": 0,
    "other": 0,
    "hasOther": false,
    "skipped": 0,
    "hasSkipped": false
  },
  "results": [
    {
      "uuid": "bb076295-b095-4a90-b700-40abd8a17e48",
      "title": "",
      "fullFile": "cypress\\integration\\other\\hooks.js",
      "file": "cypress\\integration\\other\\hooks.js",
      "beforeHooks": [],
      "afterHooks": [],
      "tests": [],
      "suites": [
        {
          "uuid": "f9750b2f-b276-4afd-97b7-1c2aed811f1b",
          "title": "Hooks",
          "fullFile": "",
          "file": "",
          "beforeHooks": [],
          "afterHooks": [],
          "tests": [
            {
              "title": "Example test 1",
              "fullTitle": "Hooks Example test 1",
              "timedOut": null,
              "duration": 31,
              "state": "passed",
              "speed": "fast",
              "pass": true,
              "fail": false,
              "pending": false,
              "context": null,
              "code": "cy.log(\"Example test 1\");",
              "err": {},
              "uuid": "9b0744a7-1b91-4a51-826f-af5fad3f6c32",
              "parentUUID": "f9750b2f-b276-4afd-97b7-1c2aed811f1b",
              "isHook": false,
              "skipped": false
            },
            {
              "title": "Example test 2",
              "fullTitle": "Hooks Example test 2",
              "timedOut": null,
              "duration": 14,
              "state": "passed",
              "speed": "fast",
              "pass": true,
              "fail": false,
              "pending": false,
              "context": null,
              "code": "cy.log(\"Example test 2\");",
              "err": {},
              "uuid": "618bccb2-4956-4ec3-acea-7ad64cf94efa",
              "parentUUID": "f9750b2f-b276-4afd-97b7-1c2aed811f1b",
              "isHook": false,
              "skipped": false
            }
          ],
          "suites": [],
          "passes": [
            "9b0744a7-1b91-4a51-826f-af5fad3f6c32",
            "618bccb2-4956-4ec3-acea-7ad64cf94efa"
          ],
          "failures": [],
          "pending": [],
          "skipped": [],
          "duration": 45,
          "root": false,
          "rootEmpty": false,
          "_timeout": 2000
        }
      ],
      "passes": [],
      "failures": [],
      "pending": [],
      "skipped": [],
      "duration": 0,
      "root": true,
      "rootEmpty": true,
      "_timeout": 2000
    }
  ],
  "meta": {
    "mocha": {
      "version": "7.0.1"
    },
    "mochawesome": {
      "options": {
        "quiet": false,
        "reportFilename": "mochawesome",
        "saveHtml": false,
        "saveJson": true,
        "consoleReporter": "spec",
        "useInlineDiffs": false,
        "code": true
      },
      "version": "6.2.2"
    },
    "marge": {
      "options": {
        "id": "default",
        "reportDir": "cypress/results/mochawesome",
        "quite": true,
        "overwrite": false,
        "html": false,
        "json": true
      },
      "version": "5.2.0"
    }
  }
}