{
  "stats": {
    "suites": 1,
    "tests": 1,
    "passes": 1,
    "pending": 0,
    "failures": 0,
    "start": "2021-07-04T19:33:42.556Z",
    "end": "2021-07-04T19:33:46.091Z",
    "duration": 3535,
    "testsRegistered": 1,
    "passPercent": 100,
    "pendingPercent": 0,
    "other": 0,
    "hasOther": false,
    "skipped": 0,
    "hasSkipped": false
  },
  "results": [
    {
      "uuid": "e8ca716a-2edf-47bc-9152-c97d446ca54a",
      "title": "",
      "fullFile": "cypress\\integration\\webdriver-uni\\iframe.js",
      "file": "cypress\\integration\\webdriver-uni\\iframe.js",
      "beforeHooks": [],
      "afterHooks": [],
      "tests": [],
      "suites": [
        {
          "uuid": "f092e270-7c2f-458e-9c48-77e0efce3e2c",
          "title": "Handling iFrame and Models",
          "fullFile": "",
          "file": "",
          "beforeHooks": [],
          "afterHooks": [],
          "tests": [
            {
              "title": "Handle webdriver uni iFrame and Model",
              "fullTitle": "Handling iFrame and Models Handle webdriver uni iFrame and Model",
              "timedOut": null,
              "duration": 3519,
              "state": "passed",
              "speed": "slow",
              "pass": true,
              "fail": false,
              "pending": false,
              "context": null,
              "code": "cy.visit(\"http://www.webdriveruniversity.com/\"); // invoke jQuery method 'removeAttr' to remove attribute \"target=\"_blank\" which triggered the new tab opening after click on the link\ncy.get(\"#iframe\").invoke(\"removeAttr\", \"target\").click();\ncy.get('#frame').then(function ($frame) {\n  var body = $frame.contents().find(\"body\");\n  cy.wrap(body).as(\"iframe\");\n});\ncy.get(\"@iframe\").find(\"#button-find-out-more\").click();\ncy.get(\"@iframe\").find(\"#myModal\").as(\"model\");\ncy.get(\"@model\").should(function ($expectedText) {\n  var text = $expectedText.text();\n  expect(text).to.include(\"Welcome to webdriveruniversity.com we sell a wide range of electrical goods such as laptops\");\n});\ncy.get(\"@model\").contains(\"Close\").click();",
              "err": {},
              "uuid": "a2f8ea2d-6b7b-4e37-b351-a5dd68d8d573",
              "parentUUID": "f092e270-7c2f-458e-9c48-77e0efce3e2c",
              "isHook": false,
              "skipped": false
            }
          ],
          "suites": [],
          "passes": [
            "a2f8ea2d-6b7b-4e37-b351-a5dd68d8d573"
          ],
          "failures": [],
          "pending": [],
          "skipped": [],
          "duration": 3519,
          "root": false,
          "rootEmpty": false,
          "_timeout": 2000
        }
      ],
      "passes": [],
      "failures": [],
      "pending": [],
      "skipped": [],
      "duration": 0,
      "root": true,
      "rootEmpty": true,
      "_timeout": 2000
    }
  ],
  "meta": {
    "mocha": {
      "version": "7.0.1"
    },
    "mochawesome": {
      "options": {
        "quiet": false,
        "reportFilename": "mochawesome",
        "saveHtml": false,
        "saveJson": true,
        "consoleReporter": "spec",
        "useInlineDiffs": false,
        "code": true
      },
      "version": "6.2.2"
    },
    "marge": {
      "options": {
        "id": "default",
        "reportDir": "cypress/results/mochawesome",
        "quite": true,
        "overwrite": false,
        "html": false,
        "json": true
      },
      "version": "5.2.0"
    }
  }
}