{
  "stats": {
    "suites": 1,
    "tests": 4,
    "passes": 4,
    "pending": 0,
    "failures": 0,
    "start": "2021-07-04T19:33:48.981Z",
    "end": "2021-07-04T19:33:54.665Z",
    "duration": 5684,
    "testsRegistered": 4,
    "passPercent": 100,
    "pendingPercent": 0,
    "other": 0,
    "hasOther": false,
    "skipped": 0,
    "hasSkipped": false
  },
  "results": [
    {
      "uuid": "5f6d90f7-2de0-4a75-801e-a193b0e26ec2",
      "title": "",
      "fullFile": "cypress\\integration\\webdriver-uni\\js-alerts.js",
      "file": "cypress\\integration\\webdriver-uni\\js-alerts.js",
      "beforeHooks": [],
      "afterHooks": [],
      "tests": [],
      "suites": [
        {
          "uuid": "db6cb514-a471-4bb8-b40f-9d980ac237d3",
          "title": "Handle Js alerts",
          "fullFile": "",
          "file": "",
          "beforeHooks": [],
          "afterHooks": [],
          "tests": [
            {
              "title": "Confirm js alert contains the correct text",
              "fullTitle": "Handle Js alerts Confirm js alert contains the correct text",
              "timedOut": null,
              "duration": 2321,
              "state": "passed",
              "speed": "slow",
              "pass": true,
              "fail": false,
              "pending": false,
              "context": null,
              "code": "cy.visit(\"http://www.webdriveruniversity.com/\"); // invoke jQuery method 'removeAttr' to remove attribute \"target=\"_blank\" which triggered the new tab opening after click on the link\ncy.get(\"#popup-alerts\").invoke(\"removeAttr\", \"target\").click();\ncy.get(\"#button1\").click(); //https://docs.cypress.io/api/events/catalog-of-events\n//To fire event manually\ncy.on(\"window:alert\", function (str) {\n  expect(str).to.equal(\"I am an alert box!\");\n});",
              "err": {},
              "uuid": "55ef6673-ad00-426d-b4be-f1fed22afb98",
              "parentUUID": "db6cb514-a471-4bb8-b40f-9d980ac237d3",
              "isHook": false,
              "skipped": false
            },
            {
              "title": "Validate js confirm alert box works correctly when clicking OK",
              "fullTitle": "Handle Js alerts Validate js confirm alert box works correctly when clicking OK",
              "timedOut": null,
              "duration": 1136,
              "state": "passed",
              "speed": "slow",
              "pass": true,
              "fail": false,
              "pending": false,
              "context": null,
              "code": "cy.visit(\"http://www.webdriveruniversity.com/\"); // invoke jQuery method 'removeAttr' to remove attribute \"target=\"_blank\" which triggered the new tab opening after click on the link\ncy.get(\"#popup-alerts\").invoke(\"removeAttr\", \"target\").click();\ncy.get(\"#button4\").click(); //To fire event manually\ncy.on(\"window:confirm\", function (str) {\n  return true;\n});\ncy.get(\"#confirm-alert-text\").contains(\"You pressed OK!\");",
              "err": {},
              "uuid": "68bcaae4-5b6d-43f0-8637-16f5adf6273e",
              "parentUUID": "db6cb514-a471-4bb8-b40f-9d980ac237d3",
              "isHook": false,
              "skipped": false
            },
            {
              "title": "Validate js confirm alert box works correctly when clicking Cancel",
              "fullTitle": "Handle Js alerts Validate js confirm alert box works correctly when clicking Cancel",
              "timedOut": null,
              "duration": 1097,
              "state": "passed",
              "speed": "slow",
              "pass": true,
              "fail": false,
              "pending": false,
              "context": null,
              "code": "cy.visit(\"http://www.webdriveruniversity.com/\"); // invoke jQuery method 'removeAttr' to remove attribute \"target=\"_blank\" which triggered the new tab opening after click on the link\ncy.get(\"#popup-alerts\").invoke(\"removeAttr\", \"target\").click();\ncy.get(\"#button4\").click(); //To fire event manually\ncy.on(\"window:confirm\", function (str) {\n  return false;\n});\ncy.get(\"#confirm-alert-text\").contains(\"You pressed Cancel!\");",
              "err": {},
              "uuid": "8f1841ad-15c3-4696-8a37-4ec84a8c1793",
              "parentUUID": "db6cb514-a471-4bb8-b40f-9d980ac237d3",
              "isHook": false,
              "skipped": false
            },
            {
              "title": "Validate js confirm alert box using a stub",
              "fullTitle": "Handle Js alerts Validate js confirm alert box using a stub",
              "timedOut": null,
              "duration": 1109,
              "state": "passed",
              "speed": "slow",
              "pass": true,
              "fail": false,
              "pending": false,
              "context": null,
              "code": "cy.visit(\"http://www.webdriveruniversity.com/\"); // invoke jQuery method 'removeAttr' to remove attribute \"target=\"_blank\" which triggered the new tab opening after click on the link\ncy.get(\"#popup-alerts\").invoke(\"removeAttr\", \"target\").click();\nvar stub = cy.stub();\ncy.on(\"window:confirm\", stub);\ncy.get(\"#button4\").click().then(function () {\n  expect(stub.getCall(0)).to.be.calledWith(\"Press a button!\");\n}).then(function () {\n  return true;\n}).then(function () {\n  cy.get(\"#confirm-alert-text\").contains(\"You pressed OK!\");\n});",
              "err": {},
              "uuid": "c6df884d-05c8-4ab2-bca3-25522641e228",
              "parentUUID": "db6cb514-a471-4bb8-b40f-9d980ac237d3",
              "isHook": false,
              "skipped": false
            }
          ],
          "suites": [],
          "passes": [
            "55ef6673-ad00-426d-b4be-f1fed22afb98",
            "68bcaae4-5b6d-43f0-8637-16f5adf6273e",
            "8f1841ad-15c3-4696-8a37-4ec84a8c1793",
            "c6df884d-05c8-4ab2-bca3-25522641e228"
          ],
          "failures": [],
          "pending": [],
          "skipped": [],
          "duration": 5663,
          "root": false,
          "rootEmpty": false,
          "_timeout": 2000
        }
      ],
      "passes": [],
      "failures": [],
      "pending": [],
      "skipped": [],
      "duration": 0,
      "root": true,
      "rootEmpty": true,
      "_timeout": 2000
    }
  ],
  "meta": {
    "mocha": {
      "version": "7.0.1"
    },
    "mochawesome": {
      "options": {
        "quiet": false,
        "reportFilename": "mochawesome",
        "saveHtml": false,
        "saveJson": true,
        "consoleReporter": "spec",
        "useInlineDiffs": false,
        "code": true
      },
      "version": "6.2.2"
    },
    "marge": {
      "options": {
        "id": "default",
        "reportDir": "cypress/results/mochawesome",
        "quite": true,
        "overwrite": false,
        "html": false,
        "json": true
      },
      "version": "5.2.0"
    }
  }
}