{
  "stats": {
    "suites": 1,
    "tests": 1,
    "passes": 1,
    "pending": 0,
    "failures": 0,
    "start": "2021-07-04T19:31:13.989Z",
    "end": "2021-07-04T19:31:28.901Z",
    "duration": 14912,
    "testsRegistered": 1,
    "passPercent": 100,
    "pendingPercent": 0,
    "other": 0,
    "hasOther": false,
    "skipped": 0,
    "hasSkipped": false
  },
  "results": [
    {
      "uuid": "0248b4f1-32e7-4c8c-92c6-01173873c901",
      "title": "",
      "fullFile": "cypress\\integration\\automation-test-store\\add-mutiple-items-to-baskets.js",
      "file": "cypress\\integration\\automation-test-store\\add-mutiple-items-to-baskets.js",
      "beforeHooks": [],
      "afterHooks": [],
      "tests": [],
      "suites": [
        {
          "uuid": "a437d9ec-ebfb-4fd2-9d31-1acb5a04d997",
          "title": "Add mutiple items to basket  ",
          "fullFile": "",
          "file": "",
          "beforeHooks": [],
          "afterHooks": [],
          "tests": [
            {
              "title": "Add specific item to basket",
              "fullTitle": "Add mutiple items to basket   Add specific item to basket",
              "timedOut": null,
              "duration": 10321,
              "state": "passed",
              "speed": "slow",
              "pass": true,
              "fail": false,
              "pending": false,
              "context": null,
              "code": "automationStoreHaircarePage.addHaircareProductsToBaskets();\ncy.get(\".dropdown-toggle .cart_total\").should(\"have.text\", \"$46.45\").click().debug();",
              "err": {},
              "uuid": "e042acab-7259-429c-8c35-37a858f22197",
              "parentUUID": "a437d9ec-ebfb-4fd2-9d31-1acb5a04d997",
              "isHook": false,
              "skipped": false
            }
          ],
          "suites": [],
          "passes": [
            "e042acab-7259-429c-8c35-37a858f22197"
          ],
          "failures": [],
          "pending": [],
          "skipped": [],
          "duration": 10321,
          "root": false,
          "rootEmpty": false,
          "_timeout": 2000
        }
      ],
      "passes": [],
      "failures": [],
      "pending": [],
      "skipped": [],
      "duration": 0,
      "root": true,
      "rootEmpty": true,
      "_timeout": 2000
    }
  ],
  "meta": {
    "mocha": {
      "version": "7.0.1"
    },
    "mochawesome": {
      "options": {
        "quiet": false,
        "reportFilename": "mochawesome",
        "saveHtml": false,
        "saveJson": true,
        "consoleReporter": "spec",
        "useInlineDiffs": false,
        "code": true
      },
      "version": "6.2.2"
    },
    "marge": {
      "options": {
        "id": "default",
        "reportDir": "cypress/results/mochawesome",
        "quite": true,
        "overwrite": false,
        "html": false,
        "json": true
      },
      "version": "5.2.0"
    }
  }
}