{
  "stats": {
    "suites": 1,
    "tests": 1,
    "passes": 0,
    "pending": 0,
    "failures": 1,
    "start": "2021-07-05T18:55:20.627Z",
    "end": "2021-07-05T18:55:21.966Z",
    "duration": 1339,
    "testsRegistered": 3,
    "passPercent": 0,
    "pendingPercent": 0,
    "other": 0,
    "hasOther": false,
    "skipped": 2,
    "hasSkipped": true
  },
  "results": [
    {
      "uuid": "d08bcdbe-b256-44be-b94c-e4ec9d71c795",
      "title": "",
      "fullFile": "cypress\\integration\\webdriver-uni\\checkboxes.js",
      "file": "cypress\\integration\\webdriver-uni\\checkboxes.js",
      "beforeHooks": [],
      "afterHooks": [],
      "tests": [],
      "suites": [
        {
          "uuid": "36116fbf-46ef-4a62-b3cc-1b5cbeacabab",
          "title": "Verify Checkboxes via Webdriver uni",
          "fullFile": "",
          "file": "",
          "beforeHooks": [],
          "afterHooks": [],
          "tests": [
            {
              "title": "check and validate checkbox",
              "fullTitle": "Verify Checkboxes via Webdriver uni check and validate checkbox",
              "timedOut": null,
              "duration": 1295,
              "state": "failed",
              "speed": null,
              "pass": false,
              "fail": true,
              "pending": false,
              "context": null,
              "code": "cy.get(\"input[value='option-1']\").check().should(\"be.checked\");",
              "err": {
                "message": "CypressError: `cy.visit()` failed trying to load:\n\nhttps://automationteststore.com/Dropdown-Checkboxes-RadioButtons/index.html\n\nThe response we received from your web server was:\n\n  > 404: Not Found\n\nThis was considered a failure because the status code was not `2xx`.\n\nIf you do not want status codes to cause failures pass the option: `failOnStatusCode: false`\n\nBecause this error occurred during a `before each` hook we are skipping the remaining tests in the current suite: `Verify Checkboxes via Webdr...`",
                "estack": "CypressError: `cy.visit()` failed trying to load:\n\nhttps://automationteststore.com/Dropdown-Checkboxes-RadioButtons/index.html\n\nThe response we received from your web server was:\n\n  > 404: Not Found\n\nThis was considered a failure because the status code was not `2xx`.\n\nIf you do not want status codes to cause failures pass the option: `failOnStatusCode: false`\n\nBecause this error occurred during a `before each` hook we are skipping the remaining tests in the current suite: `Verify Checkboxes via Webdr...`\n    at https://automationteststore.com/__cypress/runner/cypress_runner.js:159060:25\n    at visitFailedByErr (https://automationteststore.com/__cypress/runner/cypress_runner.js:158436:12)\n    at https://automationteststore.com/__cypress/runner/cypress_runner.js:159040:13\n    at tryCatcher (https://automationteststore.com/__cypress/runner/cypress_runner.js:10765:23)\n    at Promise._settlePromiseFromHandler (https://automationteststore.com/__cypress/runner/cypress_runner.js:8700:31)\n    at Promise._settlePromise (https://automationteststore.com/__cypress/runner/cypress_runner.js:8757:18)\n    at Promise._settlePromise0 (https://automationteststore.com/__cypress/runner/cypress_runner.js:8802:10)\n    at Promise._settlePromises (https://automationteststore.com/__cypress/runner/cypress_runner.js:8878:18)\n    at _drainQueueStep (https://automationteststore.com/__cypress/runner/cypress_runner.js:5472:12)\n    at _drainQueue (https://automationteststore.com/__cypress/runner/cypress_runner.js:5465:9)\n    at Async.../../node_modules/bluebird/js/release/async.js.Async._drainQueues (https://automationteststore.com/__cypress/runner/cypress_runner.js:5481:5)\n    at Async.drainQueues (https://automationteststore.com/__cypress/runner/cypress_runner.js:5351:14)\nFrom Your Spec Code:\n    at Context.eval (https://automationteststore.com/__cypress/tests?p=cypress\\support\\index.js:127:6)",
                "diff": null
              },
              "uuid": "a781faab-128d-4044-95ae-590eaad10a71",
              "parentUUID": "36116fbf-46ef-4a62-b3cc-1b5cbeacabab",
              "isHook": false,
              "skipped": false
            },
            {
              "title": "uncheck and verify it is unchecked",
              "fullTitle": "Verify Checkboxes via Webdriver uni uncheck and verify it is unchecked",
              "timedOut": null,
              "duration": 0,
              "state": "skipped",
              "speed": null,
              "pass": false,
              "fail": false,
              "pending": false,
              "context": null,
              "code": "cy.get(\"input[value='option-3']\").uncheck().should(\"not.be.checked\");",
              "err": {},
              "uuid": "61de0054-a309-4891-98ef-71d7fbe8b6d5",
              "parentUUID": "36116fbf-46ef-4a62-b3cc-1b5cbeacabab",
              "isHook": false,
              "skipped": true
            },
            {
              "title": "Check mutiple checkboxes",
              "fullTitle": "Verify Checkboxes via Webdriver uni Check mutiple checkboxes",
              "timedOut": null,
              "duration": 0,
              "state": "skipped",
              "speed": null,
              "pass": false,
              "fail": false,
              "pending": false,
              "context": null,
              "code": "cy.get(\"input[type='checkbox']\").check([\"option-1\", \"option-2\", \"option-3\", \"option-4\"]).should(\"be.checked\");",
              "err": {},
              "uuid": "3b18141e-7652-44bb-9249-5669734053cb",
              "parentUUID": "36116fbf-46ef-4a62-b3cc-1b5cbeacabab",
              "isHook": false,
              "skipped": true
            }
          ],
          "suites": [],
          "passes": [],
          "failures": [
            "a781faab-128d-4044-95ae-590eaad10a71"
          ],
          "pending": [],
          "skipped": [
            "61de0054-a309-4891-98ef-71d7fbe8b6d5",
            "3b18141e-7652-44bb-9249-5669734053cb"
          ],
          "duration": 1295,
          "root": false,
          "rootEmpty": false,
          "_timeout": 2000
        }
      ],
      "passes": [],
      "failures": [],
      "pending": [],
      "skipped": [],
      "duration": 0,
      "root": true,
      "rootEmpty": true,
      "_timeout": 2000
    }
  ],
  "meta": {
    "mocha": {
      "version": "7.0.1"
    },
    "mochawesome": {
      "options": {
        "quiet": false,
        "reportFilename": "mochawesome",
        "saveHtml": false,
        "saveJson": true,
        "consoleReporter": "spec",
        "useInlineDiffs": false,
        "code": true
      },
      "version": "6.2.2"
    },
    "marge": {
      "options": {
        "id": "default",
        "reportDir": "cypress/results/mochawesome",
        "quite": true,
        "overwrite": false,
        "html": false,
        "json": true
      },
      "version": "5.2.0"
    }
  }
}