{
  "stats": {
    "suites": 1,
    "tests": 3,
    "passes": 3,
    "pending": 0,
    "failures": 0,
    "start": "2021-07-05T18:57:16.344Z",
    "end": "2021-07-05T18:57:20.081Z",
    "duration": 3737,
    "testsRegistered": 3,
    "passPercent": 100,
    "pendingPercent": 0,
    "other": 0,
    "hasOther": false,
    "skipped": 0,
    "hasSkipped": false
  },
  "results": [
    {
      "uuid": "b175981d-9cfe-4e4e-a680-0e95d5e80d4e",
      "title": "",
      "fullFile": "cypress\\integration\\webdriver-uni\\checkboxes.js",
      "file": "cypress\\integration\\webdriver-uni\\checkboxes.js",
      "beforeHooks": [],
      "afterHooks": [],
      "tests": [],
      "suites": [
        {
          "uuid": "b8938373-db72-48f2-bae3-6f205d31b769",
          "title": "Verify Checkboxes via Webdriver uni",
          "fullFile": "",
          "file": "",
          "beforeHooks": [],
          "afterHooks": [],
          "tests": [
            {
              "title": "check and validate checkbox",
              "fullTitle": "Verify Checkboxes via Webdriver uni check and validate checkbox",
              "timedOut": null,
              "duration": 2652,
              "state": "passed",
              "speed": "slow",
              "pass": true,
              "fail": false,
              "pending": false,
              "context": null,
              "code": "cy.get(\"input[value='option-1']\").check().should(\"be.checked\");",
              "err": {},
              "uuid": "840d2a92-1284-4cde-a425-a310df53629d",
              "parentUUID": "b8938373-db72-48f2-bae3-6f205d31b769",
              "isHook": false,
              "skipped": false
            },
            {
              "title": "uncheck and verify it is unchecked",
              "fullTitle": "Verify Checkboxes via Webdriver uni uncheck and verify it is unchecked",
              "timedOut": null,
              "duration": 383,
              "state": "passed",
              "speed": "slow",
              "pass": true,
              "fail": false,
              "pending": false,
              "context": null,
              "code": "cy.get(\"input[value='option-3']\").uncheck().should(\"not.be.checked\");",
              "err": {},
              "uuid": "e37d1b37-4359-4fe9-83f6-06640861eed1",
              "parentUUID": "b8938373-db72-48f2-bae3-6f205d31b769",
              "isHook": false,
              "skipped": false
            },
            {
              "title": "Check mutiple checkboxes",
              "fullTitle": "Verify Checkboxes via Webdriver uni Check mutiple checkboxes",
              "timedOut": null,
              "duration": 661,
              "state": "passed",
              "speed": "slow",
              "pass": true,
              "fail": false,
              "pending": false,
              "context": null,
              "code": "cy.get(\"input[type='checkbox']\").check([\"option-1\", \"option-2\", \"option-3\", \"option-4\"]).should(\"be.checked\");",
              "err": {},
              "uuid": "6d281f65-0f3e-43cb-a10d-3645bfa59b5d",
              "parentUUID": "b8938373-db72-48f2-bae3-6f205d31b769",
              "isHook": false,
              "skipped": false
            }
          ],
          "suites": [],
          "passes": [
            "840d2a92-1284-4cde-a425-a310df53629d",
            "e37d1b37-4359-4fe9-83f6-06640861eed1",
            "6d281f65-0f3e-43cb-a10d-3645bfa59b5d"
          ],
          "failures": [],
          "pending": [],
          "skipped": [],
          "duration": 3696,
          "root": false,
          "rootEmpty": false,
          "_timeout": 2000
        }
      ],
      "passes": [],
      "failures": [],
      "pending": [],
      "skipped": [],
      "duration": 0,
      "root": true,
      "rootEmpty": true,
      "_timeout": 2000
    }
  ],
  "meta": {
    "mocha": {
      "version": "7.0.1"
    },
    "mochawesome": {
      "options": {
        "quiet": false,
        "reportFilename": "mochawesome",
        "saveHtml": false,
        "saveJson": true,
        "consoleReporter": "spec",
        "useInlineDiffs": false,
        "code": true
      },
      "version": "6.2.2"
    },
    "marge": {
      "options": {
        "id": "default",
        "reportDir": "cypress/results/mochawesome",
        "quite": true,
        "overwrite": false,
        "html": false,
        "json": true
      },
      "version": "5.2.0"
    }
  }
}