{
  "stats": {
    "suites": 1,
    "tests": 2,
    "passes": 2,
    "pending": 0,
    "failures": 0,
    "start": "2021-07-04T19:33:35.099Z",
    "end": "2021-07-04T19:33:39.653Z",
    "duration": 4554,
    "testsRegistered": 2,
    "passPercent": 100,
    "pendingPercent": 0,
    "other": 0,
    "hasOther": false,
    "skipped": 0,
    "hasSkipped": false
  },
  "results": [
    {
      "uuid": "1a9d3994-522b-45e6-92e9-abc63b093622",
      "title": "",
      "fullFile": "cypress\\integration\\webdriver-uni\\file-upload.js",
      "file": "cypress\\integration\\webdriver-uni\\file-upload.js",
      "beforeHooks": [],
      "afterHooks": [],
      "tests": [],
      "suites": [
        {
          "uuid": "3bfcc1eb-d41c-43ff-975b-10cf037cef42",
          "title": "Test file upload via WebDriver Uni",
          "fullFile": "",
          "file": "",
          "beforeHooks": [],
          "afterHooks": [],
          "tests": [
            {
              "title": "Verify file uploading",
              "fullTitle": "Test file upload via WebDriver Uni Verify file uploading",
              "timedOut": null,
              "duration": 3243,
              "state": "passed",
              "speed": "slow",
              "pass": true,
              "fail": false,
              "pending": false,
              "context": null,
              "code": "cy.fixture(\"laptop.png\", \"base64\").then(function (fileContent) {\n  cy.get(\"#myFile\").attachFile({\n    fileContent: fileContent,\n    fileName: \"laptop.png\",\n    mimeType: \"image/png\"\n  }, {\n    uploadType: \"input\"\n  });\n});\ncy.get(\"#submit-button\").click();",
              "err": {},
              "uuid": "31bbd3e2-239f-493b-848e-288d7f45d39c",
              "parentUUID": "3bfcc1eb-d41c-43ff-975b-10cf037cef42",
              "isHook": false,
              "skipped": false
            },
            {
              "title": "Verify no file uploading scenario",
              "fullTitle": "Test file upload via WebDriver Uni Verify no file uploading scenario",
              "timedOut": null,
              "duration": 1295,
              "state": "passed",
              "speed": "slow",
              "pass": true,
              "fail": false,
              "pending": false,
              "context": null,
              "code": "cy.get(\"#submit-button\").click();",
              "err": {},
              "uuid": "3a4857f2-68e4-41f7-8b86-ab23dff0521c",
              "parentUUID": "3bfcc1eb-d41c-43ff-975b-10cf037cef42",
              "isHook": false,
              "skipped": false
            }
          ],
          "suites": [],
          "passes": [
            "31bbd3e2-239f-493b-848e-288d7f45d39c",
            "3a4857f2-68e4-41f7-8b86-ab23dff0521c"
          ],
          "failures": [],
          "pending": [],
          "skipped": [],
          "duration": 4538,
          "root": false,
          "rootEmpty": false,
          "_timeout": 2000
        }
      ],
      "passes": [],
      "failures": [],
      "pending": [],
      "skipped": [],
      "duration": 0,
      "root": true,
      "rootEmpty": true,
      "_timeout": 2000
    }
  ],
  "meta": {
    "mocha": {
      "version": "7.0.1"
    },
    "mochawesome": {
      "options": {
        "quiet": false,
        "reportFilename": "mochawesome",
        "saveHtml": false,
        "saveJson": true,
        "consoleReporter": "spec",
        "useInlineDiffs": false,
        "code": true
      },
      "version": "6.2.2"
    },
    "marge": {
      "options": {
        "id": "default",
        "reportDir": "cypress/results/mochawesome",
        "quite": true,
        "overwrite": false,
        "html": false,
        "json": true
      },
      "version": "5.2.0"
    }
  }
}