{
  "stats": {
    "suites": 1,
    "tests": 3,
    "passes": 3,
    "pending": 0,
    "failures": 0,
    "start": "2021-07-04T19:33:03.882Z",
    "end": "2021-07-04T19:33:06.581Z",
    "duration": 2699,
    "testsRegistered": 3,
    "passPercent": 100,
    "pendingPercent": 0,
    "other": 0,
    "hasOther": false,
    "skipped": 0,
    "hasSkipped": false
  },
  "results": [
    {
      "uuid": "68cadfac-ede5-43ee-9d98-b13599b9c2f3",
      "title": "",
      "fullFile": "cypress\\integration\\webdriver-uni\\checkboxes.js",
      "file": "cypress\\integration\\webdriver-uni\\checkboxes.js",
      "beforeHooks": [],
      "afterHooks": [],
      "tests": [],
      "suites": [
        {
          "uuid": "9db5bb6f-2de5-40e8-a550-d517ac1e566a",
          "title": "Verify Checkboxes via Webdriver uni",
          "fullFile": "",
          "file": "",
          "beforeHooks": [],
          "afterHooks": [],
          "tests": [
            {
              "title": "check and validate checkbox",
              "fullTitle": "Verify Checkboxes via Webdriver uni check and validate checkbox",
              "timedOut": null,
              "duration": 1767,
              "state": "passed",
              "speed": "slow",
              "pass": true,
              "fail": false,
              "pending": false,
              "context": null,
              "code": "cy.get(\"input[value='option-1']\").check().should(\"be.checked\");",
              "err": {},
              "uuid": "1d26f4a3-ff78-493a-8429-2876eb7bc5c0",
              "parentUUID": "9db5bb6f-2de5-40e8-a550-d517ac1e566a",
              "isHook": false,
              "skipped": false
            },
            {
              "title": "uncheck and verify it is unchecked",
              "fullTitle": "Verify Checkboxes via Webdriver uni uncheck and verify it is unchecked",
              "timedOut": null,
              "duration": 375,
              "state": "passed",
              "speed": "slow",
              "pass": true,
              "fail": false,
              "pending": false,
              "context": null,
              "code": "cy.get(\"input[value='option-3']\").uncheck().should(\"not.be.checked\");",
              "err": {},
              "uuid": "35b2d5c3-05e8-469c-a404-1d4e206499db",
              "parentUUID": "9db5bb6f-2de5-40e8-a550-d517ac1e566a",
              "isHook": false,
              "skipped": false
            },
            {
              "title": "Check mutiple checkboxes",
              "fullTitle": "Verify Checkboxes via Webdriver uni Check mutiple checkboxes",
              "timedOut": null,
              "duration": 536,
              "state": "passed",
              "speed": "slow",
              "pass": true,
              "fail": false,
              "pending": false,
              "context": null,
              "code": "cy.get(\"input[type='checkbox']\").check([\"option-1\", \"option-2\", \"option-3\", \"option-4\"]).should(\"be.checked\");",
              "err": {},
              "uuid": "e46c3080-b93a-4276-858b-1c38e17e6c31",
              "parentUUID": "9db5bb6f-2de5-40e8-a550-d517ac1e566a",
              "isHook": false,
              "skipped": false
            }
          ],
          "suites": [],
          "passes": [
            "1d26f4a3-ff78-493a-8429-2876eb7bc5c0",
            "35b2d5c3-05e8-469c-a404-1d4e206499db",
            "e46c3080-b93a-4276-858b-1c38e17e6c31"
          ],
          "failures": [],
          "pending": [],
          "skipped": [],
          "duration": 2678,
          "root": false,
          "rootEmpty": false,
          "_timeout": 2000
        }
      ],
      "passes": [],
      "failures": [],
      "pending": [],
      "skipped": [],
      "duration": 0,
      "root": true,
      "rootEmpty": true,
      "_timeout": 2000
    }
  ],
  "meta": {
    "mocha": {
      "version": "7.0.1"
    },
    "mochawesome": {
      "options": {
        "quiet": false,
        "reportFilename": "mochawesome",
        "saveHtml": false,
        "saveJson": true,
        "consoleReporter": "spec",
        "useInlineDiffs": false,
        "code": true
      },
      "version": "6.2.2"
    },
    "marge": {
      "options": {
        "id": "default",
        "reportDir": "cypress/results/mochawesome",
        "quite": true,
        "overwrite": false,
        "html": false,
        "json": true
      },
      "version": "5.2.0"
    }
  }
}