{
  "stats": {
    "suites": 1,
    "tests": 1,
    "passes": 1,
    "pending": 0,
    "failures": 0,
    "start": "2021-07-04T19:31:43.958Z",
    "end": "2021-07-04T19:31:55.472Z",
    "duration": 11514,
    "testsRegistered": 1,
    "passPercent": 100,
    "pendingPercent": 0,
    "other": 0,
    "hasOther": false,
    "skipped": 0,
    "hasSkipped": false
  },
  "results": [
    {
      "uuid": "bd56310b-36f0-4bb2-95cd-0aacee46ebf4",
      "title": "",
      "fullFile": "cypress\\integration\\automation-test-store\\contact-us.js",
      "file": "cypress\\integration\\automation-test-store\\contact-us.js",
      "beforeHooks": [],
      "afterHooks": [],
      "tests": [],
      "suites": [
        {
          "uuid": "69d5808d-befb-4e6e-af35-da914108887a",
          "title": "Test contact Us form via Automation Test Store",
          "fullFile": "",
          "file": "",
          "beforeHooks": [],
          "afterHooks": [],
          "tests": [
            {
              "title": "Should be able to submit a successful submission via Contact Us form",
              "fullTitle": "Test contact Us form via Automation Test Store Should be able to submit a successful submission via Contact Us form",
              "timedOut": null,
              "duration": 9716,
              "state": "passed",
              "speed": "slow",
              "pass": true,
              "fail": false,
              "pending": false,
              "context": null,
              "code": "cy.visit('https://automationteststore.com/');\ncy.get('a[href$=\"contact\"]').click().then(function (linkText) {\n  cy.log(\"Selected link text: \" + linkText.text());\n}); //xpath -> //a[text()='Contact Us']\ncy.get(\"@user\").then(function (user) {\n  cy.get('#ContactUsFrm_first_name').type(user.first_name);\n  cy.get('#ContactUsFrm_email').type(user.email);\n});\ncy.get('#ContactUsFrm_email').should('have.attr', 'name', 'email');\ncy.get('#ContactUsFrm_enquiry').type('Do you have Nvidia GTX 3060 in stock'); //xpath locators can be used with the library cypress-io/cypress-xpath\n//cy.xpath('//textarea[@id=\"ContactUsFrm_enquiry\"]').type('Do you have Nvidia GTX 3060 in stock');\ncy.get('button[title=\"Submit\"]').click();\ncy.xpath('//p[contains(text(), \"Your enquiry has been\")]').should('have.text', 'Your enquiry has been successfully sent to the store owner!');",
              "err": {},
              "uuid": "94a0d130-0ee8-435c-8da5-0949d77b75ef",
              "parentUUID": "69d5808d-befb-4e6e-af35-da914108887a",
              "isHook": false,
              "skipped": false
            }
          ],
          "suites": [],
          "passes": [
            "94a0d130-0ee8-435c-8da5-0949d77b75ef"
          ],
          "failures": [],
          "pending": [],
          "skipped": [],
          "duration": 9716,
          "root": false,
          "rootEmpty": false,
          "_timeout": 2000
        }
      ],
      "passes": [],
      "failures": [],
      "pending": [],
      "skipped": [],
      "duration": 0,
      "root": true,
      "rootEmpty": true,
      "_timeout": 2000
    }
  ],
  "meta": {
    "mocha": {
      "version": "7.0.1"
    },
    "mochawesome": {
      "options": {
        "quiet": false,
        "reportFilename": "mochawesome",
        "saveHtml": false,
        "saveJson": true,
        "consoleReporter": "spec",
        "useInlineDiffs": false,
        "code": true
      },
      "version": "6.2.2"
    },
    "marge": {
      "options": {
        "id": "default",
        "reportDir": "cypress/results/mochawesome",
        "quite": true,
        "overwrite": false,
        "html": false,
        "json": true
      },
      "version": "5.2.0"
    }
  }
}