{
  "stats": {
    "suites": 1,
    "tests": 16,
    "passes": 16,
    "pending": 0,
    "failures": 0,
    "start": "2021-07-04T19:34:13.585Z",
    "end": "2021-07-04T19:34:34.582Z",
    "duration": 20997,
    "testsRegistered": 16,
    "passPercent": 100,
    "pendingPercent": 0,
    "other": 0,
    "hasOther": false,
    "skipped": 0,
    "hasSkipped": false
  },
  "results": [
    {
      "uuid": "9cdf17fe-854b-473e-9736-9b503ab75b0a",
      "title": "",
      "fullFile": "cypress\\integration\\webdriver-uni\\traversing-elements.js",
      "file": "cypress\\integration\\webdriver-uni\\traversing-elements.js",
      "beforeHooks": [],
      "afterHooks": [],
      "tests": [],
      "suites": [
        {
          "uuid": "1a1698a8-9a55-4675-a331-bea33caa4b78",
          "title": "Traversing DOM elements in Cypress",
          "fullFile": "",
          "file": "",
          "beforeHooks": [],
          "afterHooks": [],
          "tests": [
            {
              "title": "children() to get the children of DOM elements",
              "fullTitle": "Traversing DOM elements in Cypress children() to get the children of DOM elements",
              "timedOut": null,
              "duration": 2715,
              "state": "passed",
              "speed": "slow",
              "pass": true,
              "fail": false,
              "pending": false,
              "context": null,
              "code": "cy.get(\".traversal-breadcrumb\").children(\".active\").should(\"contain\", \"Contact Us\");",
              "err": {},
              "uuid": "3ee65e3a-e60d-4b2a-a37d-60d8afe94531",
              "parentUUID": "1a1698a8-9a55-4675-a331-bea33caa4b78",
              "isHook": false,
              "skipped": false
            },
            {
              "title": "closest() to validate the closest ancestor DOM element",
              "fullTitle": "Traversing DOM elements in Cypress closest() to validate the closest ancestor DOM element",
              "timedOut": null,
              "duration": 1050,
              "state": "passed",
              "speed": "slow",
              "pass": true,
              "fail": false,
              "pending": false,
              "context": null,
              "code": "cy.get(\".traversal-badge\").closest(\"ul\").should(\"have.class\", \"list-group\");",
              "err": {},
              "uuid": "5867910a-061f-4ce7-9624-a8662589c722",
              "parentUUID": "1a1698a8-9a55-4675-a331-bea33caa4b78",
              "isHook": false,
              "skipped": false
            },
            {
              "title": "eq() to retrieve a specific element based on index",
              "fullTitle": "Traversing DOM elements in Cypress eq() to retrieve a specific element based on index",
              "timedOut": null,
              "duration": 1044,
              "state": "passed",
              "speed": "slow",
              "pass": true,
              "fail": false,
              "pending": false,
              "context": null,
              "code": "cy.get(\".traversal-drinks-list > *\").eq(2).should('have.text', \"Milk\");",
              "err": {},
              "uuid": "da095b4c-1dc8-427d-9cb1-a4a9055d0d76",
              "parentUUID": "1a1698a8-9a55-4675-a331-bea33caa4b78",
              "isHook": false,
              "skipped": false
            },
            {
              "title": "filter() to retrieve DOM elements that match a specific selector",
              "fullTitle": "Traversing DOM elements in Cypress filter() to retrieve DOM elements that match a specific selector",
              "timedOut": null,
              "duration": 1486,
              "state": "passed",
              "speed": "slow",
              "pass": true,
              "fail": false,
              "pending": false,
              "context": null,
              "code": "cy.get(\".btn-group-toggle > *\").filter(\".active\").should(\"contain\", \"Button-1\");",
              "err": {},
              "uuid": "1279c9d4-6c76-48b8-be70-3e845e9fdeb3",
              "parentUUID": "1a1698a8-9a55-4675-a331-bea33caa4b78",
              "isHook": false,
              "skipped": false
            },
            {
              "title": "find() to retrieve DOM elements of a given selector",
              "fullTitle": "Traversing DOM elements in Cypress find() to retrieve DOM elements of a given selector",
              "timedOut": null,
              "duration": 1160,
              "state": "passed",
              "speed": "slow",
              "pass": true,
              "fail": false,
              "pending": false,
              "context": null,
              "code": "cy.get(\".traversal-pagination\").find(\"li\").find(\"a\").should(\"have.length\", 7);",
              "err": {},
              "uuid": "8a923136-83e1-4fae-918e-d1e9ecc32f23",
              "parentUUID": "1a1698a8-9a55-4675-a331-bea33caa4b78",
              "isHook": false,
              "skipped": false
            },
            {
              "title": "first() to retrieve the first DOM element within elements ",
              "fullTitle": "Traversing DOM elements in Cypress first() to retrieve the first DOM element within elements ",
              "timedOut": null,
              "duration": 1057,
              "state": "passed",
              "speed": "slow",
              "pass": true,
              "fail": false,
              "pending": false,
              "context": null,
              "code": "cy.get(\".traversal-table > tbody > tr > td\").first().should(\"have.text\", \"Andy\");",
              "err": {},
              "uuid": "b9d803fa-a99f-4b55-841b-16a4f1c8b400",
              "parentUUID": "1a1698a8-9a55-4675-a331-bea33caa4b78",
              "isHook": false,
              "skipped": false
            },
            {
              "title": "last() to retrieve the last DOM element within elements",
              "fullTitle": "Traversing DOM elements in Cypress last() to retrieve the last DOM element within elements",
              "timedOut": null,
              "duration": 1569,
              "state": "passed",
              "speed": "slow",
              "pass": true,
              "fail": false,
              "pending": false,
              "context": null,
              "code": "cy.get(\".traversal-table > tbody > tr > td\").last().should(\"have.text\", \"Scott\");",
              "err": {},
              "uuid": "147037ed-e0be-47cc-8b3d-fd3fcc9968d7",
              "parentUUID": "1a1698a8-9a55-4675-a331-bea33caa4b78",
              "isHook": false,
              "skipped": false
            },
            {
              "title": "nextAll() to get all of the next sibling DOM elements within elements",
              "fullTitle": "Traversing DOM elements in Cypress nextAll() to get all of the next sibling DOM elements within elements",
              "timedOut": null,
              "duration": 1603,
              "state": "passed",
              "speed": "slow",
              "pass": true,
              "fail": false,
              "pending": false,
              "context": null,
              "code": "cy.get(\".traversal-drinks-list\").contains(\"Tea\").nextAll().should(\"have.length\", 3);",
              "err": {},
              "uuid": "691a8ab9-75ec-4d5b-900d-66acf8cc4e41",
              "parentUUID": "1a1698a8-9a55-4675-a331-bea33caa4b78",
              "isHook": false,
              "skipped": false
            },
            {
              "title": "nextUntil() to get all of the next sibling DOM elements within elements until another element",
              "fullTitle": "Traversing DOM elements in Cypress nextUntil() to get all of the next sibling DOM elements within elements until another element",
              "timedOut": null,
              "duration": 1369,
              "state": "passed",
              "speed": "slow",
              "pass": true,
              "fail": false,
              "pending": false,
              "context": null,
              "code": "cy.get(\"#coffee\").nextUntil(\"#milk\");",
              "err": {},
              "uuid": "263a7aef-abb6-485f-8363-1510357afc8f",
              "parentUUID": "1a1698a8-9a55-4675-a331-bea33caa4b78",
              "isHook": false,
              "skipped": false
            },
            {
              "title": "not() to remove DOM element(s) from the set of elements",
              "fullTitle": "Traversing DOM elements in Cypress not() to remove DOM element(s) from the set of elements",
              "timedOut": null,
              "duration": 1075,
              "state": "passed",
              "speed": "slow",
              "pass": true,
              "fail": false,
              "pending": false,
              "context": null,
              "code": "cy.get(\".traversal-button-states > button\").not(\".disabled\").should(\"not.have.class\", \".disabled\");",
              "err": {},
              "uuid": "0221222d-2527-4dd7-b00b-ce8e71100a27",
              "parentUUID": "1a1698a8-9a55-4675-a331-bea33caa4b78",
              "isHook": false,
              "skipped": false
            },
            {
              "title": "parent() To get parent DOM element of elements",
              "fullTitle": "Traversing DOM elements in Cypress parent() To get parent DOM element of elements",
              "timedOut": null,
              "duration": 1135,
              "state": "passed",
              "speed": "slow",
              "pass": true,
              "fail": false,
              "pending": false,
              "context": null,
              "code": "cy.get(\".traversal-mark\").parent().should(\"contain\", \"Lorem ipsum dolor sit amet\");",
              "err": {},
              "uuid": "55f636d2-37cb-4684-97fe-bd577c09bcfb",
              "parentUUID": "1a1698a8-9a55-4675-a331-bea33caa4b78",
              "isHook": false,
              "skipped": false
            },
            {
              "title": "parents() to get parents DOM element of elements",
              "fullTitle": "Traversing DOM elements in Cypress parents() to get parents DOM element of elements",
              "timedOut": null,
              "duration": 1314,
              "state": "passed",
              "speed": "slow",
              "pass": true,
              "fail": false,
              "pending": false,
              "context": null,
              "code": "cy.get(\".traversal-cite\").parents().should(\"match\", \"blockquote\");",
              "err": {},
              "uuid": "a6c37ba3-cfc2-43f2-9168-86caa9e4451f",
              "parentUUID": "1a1698a8-9a55-4675-a331-bea33caa4b78",
              "isHook": false,
              "skipped": false
            },
            {
              "title": "prev() to get the previous sibling DOM element within elements",
              "fullTitle": "Traversing DOM elements in Cypress prev() to get the previous sibling DOM element within elements",
              "timedOut": null,
              "duration": 1161,
              "state": "passed",
              "speed": "slow",
              "pass": true,
              "fail": false,
              "pending": false,
              "context": null,
              "code": "cy.get(\"#sugar\").prev().should(\"have.text\", \"Espresso\");",
              "err": {},
              "uuid": "172d81ae-0e93-4281-af4b-3f7fb5a4ffc2",
              "parentUUID": "1a1698a8-9a55-4675-a331-bea33caa4b78",
              "isHook": false,
              "skipped": false
            },
            {
              "title": "prevAll() to get all previous sibling DOM elements within elements",
              "fullTitle": "Traversing DOM elements in Cypress prevAll() to get all previous sibling DOM elements within elements",
              "timedOut": null,
              "duration": 1017,
              "state": "passed",
              "speed": "slow",
              "pass": true,
              "fail": false,
              "pending": false,
              "context": null,
              "code": "cy.get(\".sales\").prevAll().should(\"have.length\", 2);",
              "err": {},
              "uuid": "aaa3c186-3452-4c38-a9cf-d035b1354836",
              "parentUUID": "1a1698a8-9a55-4675-a331-bea33caa4b78",
              "isHook": false,
              "skipped": false
            },
            {
              "title": "prevUntil() to get all previous sibling DOM elements within elements until other element",
              "fullTitle": "Traversing DOM elements in Cypress prevUntil() to get all previous sibling DOM elements within elements until other element",
              "timedOut": null,
              "duration": 1089,
              "state": "passed",
              "speed": "slow",
              "pass": true,
              "fail": false,
              "pending": false,
              "context": null,
              "code": "cy.get(\"#veggie\").prevUntil(\"#fruits\").should(\"have.length\", 5);",
              "err": {},
              "uuid": "9e7e099c-bc02-4861-b9d9-2d9a0a017b85",
              "parentUUID": "1a1698a8-9a55-4675-a331-bea33caa4b78",
              "isHook": false,
              "skipped": false
            },
            {
              "title": "siblings() To get all sibling DOM elements of elements",
              "fullTitle": "Traversing DOM elements in Cypress siblings() To get all sibling DOM elements of elements",
              "timedOut": null,
              "duration": 1035,
              "state": "passed",
              "speed": "slow",
              "pass": true,
              "fail": false,
              "pending": false,
              "context": null,
              "code": "cy.get(\".btn-group-toggle > .active\").siblings().should(\"have.length\", 3);",
              "err": {},
              "uuid": "0e9dc554-b0c6-4cb0-a99a-3e93361285ae",
              "parentUUID": "1a1698a8-9a55-4675-a331-bea33caa4b78",
              "isHook": false,
              "skipped": false
            }
          ],
          "suites": [],
          "passes": [
            "3ee65e3a-e60d-4b2a-a37d-60d8afe94531",
            "5867910a-061f-4ce7-9624-a8662589c722",
            "da095b4c-1dc8-427d-9cb1-a4a9055d0d76",
            "1279c9d4-6c76-48b8-be70-3e845e9fdeb3",
            "8a923136-83e1-4fae-918e-d1e9ecc32f23",
            "b9d803fa-a99f-4b55-841b-16a4f1c8b400",
            "147037ed-e0be-47cc-8b3d-fd3fcc9968d7",
            "691a8ab9-75ec-4d5b-900d-66acf8cc4e41",
            "263a7aef-abb6-485f-8363-1510357afc8f",
            "0221222d-2527-4dd7-b00b-ce8e71100a27",
            "55f636d2-37cb-4684-97fe-bd577c09bcfb",
            "a6c37ba3-cfc2-43f2-9168-86caa9e4451f",
            "172d81ae-0e93-4281-af4b-3f7fb5a4ffc2",
            "aaa3c186-3452-4c38-a9cf-d035b1354836",
            "9e7e099c-bc02-4861-b9d9-2d9a0a017b85",
            "0e9dc554-b0c6-4cb0-a99a-3e93361285ae"
          ],
          "failures": [],
          "pending": [],
          "skipped": [],
          "duration": 20879,
          "root": false,
          "rootEmpty": false,
          "_timeout": 2000
        }
      ],
      "passes": [],
      "failures": [],
      "pending": [],
      "skipped": [],
      "duration": 0,
      "root": true,
      "rootEmpty": true,
      "_timeout": 2000
    }
  ],
  "meta": {
    "mocha": {
      "version": "7.0.1"
    },
    "mochawesome": {
      "options": {
        "quiet": false,
        "reportFilename": "mochawesome",
        "saveHtml": false,
        "saveJson": true,
        "consoleReporter": "spec",
        "useInlineDiffs": false,
        "code": true
      },
      "version": "6.2.2"
    },
    "marge": {
      "options": {
        "id": "default",
        "reportDir": "cypress/results/mochawesome",
        "quite": true,
        "overwrite": false,
        "html": false,
        "json": true
      },
      "version": "5.2.0"
    }
  }
}