{
  "stats": {
    "suites": 1,
    "tests": 1,
    "passes": 1,
    "pending": 0,
    "failures": 0,
    "start": "2021-07-04T19:32:42.506Z",
    "end": "2021-07-04T19:32:49.195Z",
    "duration": 6689,
    "testsRegistered": 1,
    "passPercent": 100,
    "pendingPercent": 0,
    "other": 0,
    "hasOther": false,
    "skipped": 0,
    "hasSkipped": false
  },
  "results": [
    {
      "uuid": "6893e478-0f91-4395-9d34-6138d04cfbc8",
      "title": "",
      "fullFile": "cypress\\integration\\webdriver-uni\\autocomplete-dropdown-list.js",
      "file": "cypress\\integration\\webdriver-uni\\autocomplete-dropdown-list.js",
      "beforeHooks": [],
      "afterHooks": [],
      "tests": [],
      "suites": [
        {
          "uuid": "840dd880-1a3c-4703-8859-ab936051e033",
          "title": "Verify Auto complete dropdown list via webdriver uni",
          "fullFile": "",
          "file": "",
          "beforeHooks": [],
          "afterHooks": [],
          "tests": [
            {
              "title": "Select specific product via auto complete list",
              "fullTitle": "Verify Auto complete dropdown list via webdriver uni Select specific product via auto complete list",
              "timedOut": null,
              "duration": 6662,
              "state": "passed",
              "speed": "slow",
              "pass": true,
              "fail": false,
              "pending": false,
              "context": null,
              "code": "cy.visit(\"http://www.webdriveruniversity.com/\"); // invoke jQuery method 'removeAttr' to remove attribute \"target=\"_blank\" which triggered the new tab opening after click on the link\ncy.get(\"#autocomplete-textfield\").invoke(\"removeAttr\", \"target\").click();\ncy.get(\"#myInput\").type(\"A\"); //Can select item from list without iterating using following way.\n//cy.get(\"#myInputautocomplete-list\").find(\"input[value = 'Avacado']\").click({force: true});\ncy.get(\"#myInputautocomplete-list > div\").each(function ($el, index, $list) {\n  var prod = $el.text();\n  var productToSelect = \"Almond\";\n  if (prod === productToSelect) {\n    $el.trigger(\"click\");\n    cy.get(\"#submit-button\").click();\n    cy.url().should(\"include\", productToSelect);\n  }\n}).then(function () {\n  cy.get(\"#myInput\").type(\"G\");\n  cy.get(\"#myInputautocomplete-list > div\").each(function ($el, index, $list) {\n    var prod = $el.text();\n    var productToSelect = \"Grapes\";\n    if (prod === productToSelect) {\n      $el.trigger(\"click\");\n      cy.get(\"#submit-button\").click();\n      cy.url().should(\"include\", productToSelect);\n    }\n  });\n});",
              "err": {},
              "uuid": "d3ace19f-830e-4b62-84a7-4ef45f2e4c6d",
              "parentUUID": "840dd880-1a3c-4703-8859-ab936051e033",
              "isHook": false,
              "skipped": false
            }
          ],
          "suites": [],
          "passes": [
            "d3ace19f-830e-4b62-84a7-4ef45f2e4c6d"
          ],
          "failures": [],
          "pending": [],
          "skipped": [],
          "duration": 6662,
          "root": false,
          "rootEmpty": false,
          "_timeout": 2000
        }
      ],
      "passes": [],
      "failures": [],
      "pending": [],
      "skipped": [],
      "duration": 0,
      "root": true,
      "rootEmpty": true,
      "_timeout": 2000
    }
  ],
  "meta": {
    "mocha": {
      "version": "7.0.1"
    },
    "mochawesome": {
      "options": {
        "quiet": false,
        "reportFilename": "mochawesome",
        "saveHtml": false,
        "saveJson": true,
        "consoleReporter": "spec",
        "useInlineDiffs": false,
        "code": true
      },
      "version": "6.2.2"
    },
    "marge": {
      "options": {
        "id": "default",
        "reportDir": "cypress/results/mochawesome",
        "quite": true,
        "overwrite": false,
        "html": false,
        "json": true
      },
      "version": "5.2.0"
    }
  }
}