{
  "stats": {
    "suites": 1,
    "tests": 1,
    "passes": 1,
    "pending": 0,
    "failures": 0,
    "start": "2021-07-04T19:33:57.562Z",
    "end": "2021-07-04T19:34:00.400Z",
    "duration": 2838,
    "testsRegistered": 1,
    "passPercent": 100,
    "pendingPercent": 0,
    "other": 0,
    "hasOther": false,
    "skipped": 0,
    "hasSkipped": false
  },
  "results": [
    {
      "uuid": "cdcbd4c5-b2c4-4b7b-916d-e960f73b79f5",
      "title": "",
      "fullFile": "cypress\\integration\\webdriver-uni\\mouse-actions.js",
      "file": "cypress\\integration\\webdriver-uni\\mouse-actions.js",
      "beforeHooks": [],
      "afterHooks": [],
      "tests": [],
      "suites": [
        {
          "uuid": "5110db0a-98f1-4d92-97d2-c2b8631561b0",
          "title": "Verify different mouse actions  via webdriver uni",
          "fullFile": "",
          "file": "",
          "beforeHooks": [],
          "afterHooks": [],
          "tests": [
            {
              "title": "I should be able to mouse hover and click on a popup list item",
              "fullTitle": "Verify different mouse actions  via webdriver uni I should be able to mouse hover and click on a popup list item",
              "timedOut": null,
              "duration": 2827,
              "state": "passed",
              "speed": "slow",
              "pass": true,
              "fail": false,
              "pending": false,
              "context": null,
              "code": "cy.visit(\"http://www.webdriveruniversity.com/\"); // invoke jQuery method 'removeAttr' to remove attribute \"target=\"_blank\" which triggered the new tab opening after click on the link\ncy.get(\"#actions\").invoke(\"removeAttr\", \"target\").click();\ncy.get(\".dropbtn\").contains(\"Hover Over Me First!\").trigger('mouseover');\ncy.get(\".list-alert\").contains(\"Link 1\").click({\n  force: true\n});",
              "err": {},
              "uuid": "5ac3216f-9a0c-4aab-90d0-3971ed1f0e5f",
              "parentUUID": "5110db0a-98f1-4d92-97d2-c2b8631561b0",
              "isHook": false,
              "skipped": false
            }
          ],
          "suites": [],
          "passes": [
            "5ac3216f-9a0c-4aab-90d0-3971ed1f0e5f"
          ],
          "failures": [],
          "pending": [],
          "skipped": [],
          "duration": 2827,
          "root": false,
          "rootEmpty": false,
          "_timeout": 2000
        }
      ],
      "passes": [],
      "failures": [],
      "pending": [],
      "skipped": [],
      "duration": 0,
      "root": true,
      "rootEmpty": true,
      "_timeout": 2000
    }
  ],
  "meta": {
    "mocha": {
      "version": "7.0.1"
    },
    "mochawesome": {
      "options": {
        "quiet": false,
        "reportFilename": "mochawesome",
        "saveHtml": false,
        "saveJson": true,
        "consoleReporter": "spec",
        "useInlineDiffs": false,
        "code": true
      },
      "version": "6.2.2"
    },
    "marge": {
      "options": {
        "id": "default",
        "reportDir": "cypress/results/mochawesome",
        "quite": true,
        "overwrite": false,
        "html": false,
        "json": true
      },
      "version": "5.2.0"
    }
  }
}